[debug] [2018-01-02T22:42:46.705Z] ----------------------------------------------------------------------
[debug] [2018-01-02T22:42:46.709Z] Command:       C:\Program Files\nodejs\node.exe C:\Users\Patricio\AppData\Roaming\npm\node_modules\firebase-tools\bin\firebase serve
[debug] [2018-01-02T22:42:46.709Z] CLI Version:   3.16.0
[debug] [2018-01-02T22:42:46.709Z] Platform:      win32
[debug] [2018-01-02T22:42:46.709Z] Node Version:  v6.11.3
[debug] [2018-01-02T22:42:46.710Z] Time:          Tue Jan 02 2018 19:42:46 GMT-0300 (Hora estándar de Argentina)
[debug] [2018-01-02T22:42:46.710Z] ----------------------------------------------------------------------
[debug] 
[debug] [2018-01-02T22:42:46.731Z] > command requires scopes: ["email","openid","https://www.googleapis.com/auth/cloudplatformprojects.readonly","https://www.googleapis.com/auth/firebase","https://www.googleapis.com/auth/cloud-platform"]
[debug] [2018-01-02T22:42:46.731Z] > authorizing via signed-in user
[debug] [2018-01-02T22:42:46.734Z] >>> HTTP REQUEST GET https://admin.firebase.com/v1/projects/proyectofebrero-219b5  
  
 Tue Jan 02 2018 19:42:46 GMT-0300 (Hora estándar de Argentina)
[debug] [2018-01-02T22:42:47.997Z] <<< HTTP RESPONSE 200
[debug] [2018-01-02T22:42:47.999Z] >>> HTTP REQUEST GET https://admin.firebase.com/v1/database/proyectofebrero-219b5/tokens  
  
 Tue Jan 02 2018 19:42:47 GMT-0300 (Hora estándar de Argentina)
[debug] [2018-01-02T22:42:48.826Z] <<< HTTP RESPONSE 200
[info] 
[info] === Serving from 'C:\Users\Patricio\Documents\GitHub\ProyectoFebrero\fe'...
[info] 
[debug] [2018-01-02T22:42:48.832Z] >>> HTTP REQUEST GET https://cloudresourcemanager.googleapis.com/v1/projects/proyectofebrero-219b5  
  
 Tue Jan 02 2018 19:42:48 GMT-0300 (Hora estándar de Argentina)
[debug] [2018-01-02T22:42:49.969Z] <<< HTTP RESPONSE 200
[debug] [2018-01-02T22:42:49.969Z] >>> HTTP REQUEST GET https://mobilesdk-pa.googleapis.com/v1/projects/294868289215/clients/_:getWebAppConfig  
  
 Tue Jan 02 2018 19:42:49 GMT-0300 (Hora estándar de Argentina)
[debug] [2018-01-02T22:42:51.066Z] <<< HTTP RESPONSE 200
[info] i  hosting: Serving hosting files from: public
[info] +  hosting: Local server: http://localhost:5000

